<?xml version="1.0" encoding="UTF-8"?>
<!-- Generated by org.testng.reporters.JUnitXMLReporter -->
<testsuite hostname="DESKTOP-DCVF3K0" ignored="0" name="Command line test" tests="39" failures="0" timestamp="12 Jan 2019 13:57:15 GMT" time="5.88" errors="0">
  <testcase name="DELETE_200" time="2.902" classname="bender.api.bestBuy.Categories_API_Test"/>
  <testcase name="DELETE_404" time="0.037" classname="bender.api.bestBuy.Categories_API_Test"/>
  <testcase name="GET_200" time="0.146" classname="bender.api.bestBuy.Categories_API_Test"/>
  <testcase name="GET_ID_200" time="0.105" classname="bender.api.bestBuy.Categories_API_Test"/>
  <testcase name="GET_ID_404" time="0.084" classname="bender.api.bestBuy.Categories_API_Test"/>
  <testcase name="PATCH_200" time="0.14" classname="bender.api.bestBuy.Categories_API_Test"/>
  <testcase name="PATCH_404" time="0.061" classname="bender.api.bestBuy.Categories_API_Test"/>
  <testcase name="POST_201" time="0.057" classname="bender.api.bestBuy.Categories_API_Test"/>
  <testcase name="POST_400" time="0.036" classname="bender.api.bestBuy.Categories_API_Test"/>
  <testcase name="POST_400_id_must_be_unique" time="0.095" classname="bender.api.bestBuy.Categories_API_Test"/>
  <testcase name="DELETE_200" time="0.13" classname="bender.api.bestBuy.Products_API_Test"/>
  <testcase name="DELETE_404" time="0.048" classname="bender.api.bestBuy.Products_API_Test"/>
  <testcase name="GET_200" time="0.384" classname="bender.api.bestBuy.Products_API_Test"/>
  <testcase name="GET_ID_200" time="0.072" classname="bender.api.bestBuy.Products_API_Test"/>
  <testcase name="GET_ID_404" time="0.049" classname="bender.api.bestBuy.Products_API_Test"/>
  <testcase name="PATCH_200" time="0.151" classname="bender.api.bestBuy.Products_API_Test"/>
  <testcase name="PATCH_404" time="0.067" classname="bender.api.bestBuy.Products_API_Test"/>
  <testcase name="POST_200" time="0.062" classname="bender.api.bestBuy.Products_API_Test"/>
  <testcase name="POST_400" time="0.034" classname="bender.api.bestBuy.Products_API_Test"/>
  <testcase name="DELETE_200" time="0.147" classname="bender.api.bestBuy.Services_API_Test"/>
  <testcase name="DELETE_404" time="0.033" classname="bender.api.bestBuy.Services_API_Test"/>
  <testcase name="GET_200" time="0.034" classname="bender.api.bestBuy.Services_API_Test"/>
  <testcase name="GET_ID_200" time="0.039" classname="bender.api.bestBuy.Services_API_Test"/>
  <testcase name="GET_ID_404" time="0.044" classname="bender.api.bestBuy.Services_API_Test"/>
  <testcase name="PATCH_200" time="0.126" classname="bender.api.bestBuy.Services_API_Test"/>
  <testcase name="PATCH_404" time="0.051" classname="bender.api.bestBuy.Services_API_Test"/>
  <testcase name="POST_200" time="0.055" classname="bender.api.bestBuy.Services_API_Test"/>
  <testcase name="POST_400" time="0.032" classname="bender.api.bestBuy.Services_API_Test"/>
  <testcase name="DELETE_200" time="0.117" classname="bender.api.bestBuy.Stores_API_Test"/>
  <testcase name="DELETE_404" time="0.016" classname="bender.api.bestBuy.Stores_API_Test"/>
  <testcase name="GET_200" time="0.044" classname="bender.api.bestBuy.Stores_API_Test"/>
  <testcase name="GET_ID_200" time="0.065" classname="bender.api.bestBuy.Stores_API_Test"/>
  <testcase name="GET_ID_404" time="0.027" classname="bender.api.bestBuy.Stores_API_Test"/>
  <testcase name="PATCH_200" time="0.109" classname="bender.api.bestBuy.Stores_API_Test"/>
  <testcase name="PATCH_404" time="0.04" classname="bender.api.bestBuy.Stores_API_Test"/>
  <testcase name="POST_200" time="0.075" classname="bender.api.bestBuy.Stores_API_Test"/>
  <testcase name="POST_400" time="0.034" classname="bender.api.bestBuy.Stores_API_Test"/>
  <testcase name="GET_200_Healthcheck" time="0.069" classname="bender.api.bestBuy.Utilities_API_Test"/>
  <testcase name="GET_200_Version" time="0.009" classname="bender.api.bestBuy.Utilities_API_Test"/>
</testsuite> <!-- Command line test -->
