<?xml version="1.0" encoding="UTF-8"?>
<!-- Generated by org.testng.reporters.JUnitXMLReporter -->
<testsuite hostname="DESKTOP-DCVF3K0" ignored="0" name="Command line test" tests="38" failures="0" timestamp="12 Jan 2019 12:49:03 GMT" time="4.226" errors="0">
  <testcase name="DELETE_200" time="2.059" classname="bender.api.bestBuy.Categories_API_Test"/>
  <testcase name="DELETE_404" time="0.026" classname="bender.api.bestBuy.Categories_API_Test"/>
  <testcase name="GET_200" time="0.085" classname="bender.api.bestBuy.Categories_API_Test"/>
  <testcase name="GET_ID_200" time="0.077" classname="bender.api.bestBuy.Categories_API_Test"/>
  <testcase name="GET_ID_404" time="0.031" classname="bender.api.bestBuy.Categories_API_Test"/>
  <testcase name="PATCH_200" time="0.103" classname="bender.api.bestBuy.Categories_API_Test"/>
  <testcase name="PATCH_404" time="0.046" classname="bender.api.bestBuy.Categories_API_Test"/>
  <testcase name="POST_200" time="0.047" classname="bender.api.bestBuy.Categories_API_Test"/>
  <testcase name="POST_400" time="0.03" classname="bender.api.bestBuy.Categories_API_Test"/>
  <testcase name="DELETE_200" time="0.092" classname="bender.api.bestBuy.Products_API_Test"/>
  <testcase name="DELETE_404" time="0.025" classname="bender.api.bestBuy.Products_API_Test"/>
  <testcase name="GET_200" time="0.244" classname="bender.api.bestBuy.Products_API_Test"/>
  <testcase name="GET_ID_200" time="0.087" classname="bender.api.bestBuy.Products_API_Test"/>
  <testcase name="GET_ID_404" time="0.021" classname="bender.api.bestBuy.Products_API_Test"/>
  <testcase name="PATCH_200" time="0.095" classname="bender.api.bestBuy.Products_API_Test"/>
  <testcase name="PATCH_404" time="0.04" classname="bender.api.bestBuy.Products_API_Test"/>
  <testcase name="POST_200" time="0.042" classname="bender.api.bestBuy.Products_API_Test"/>
  <testcase name="POST_400" time="0.026" classname="bender.api.bestBuy.Products_API_Test"/>
  <testcase name="DELETE_200" time="0.095" classname="bender.api.bestBuy.Services_API_Test"/>
  <testcase name="DELETE_404" time="0.022" classname="bender.api.bestBuy.Services_API_Test"/>
  <testcase name="GET_200" time="0.017" classname="bender.api.bestBuy.Services_API_Test"/>
  <testcase name="GET_ID_200" time="0.035" classname="bender.api.bestBuy.Services_API_Test"/>
  <testcase name="GET_ID_404" time="0.019" classname="bender.api.bestBuy.Services_API_Test"/>
  <testcase name="PATCH_200" time="0.101" classname="bender.api.bestBuy.Services_API_Test"/>
  <testcase name="PATCH_404" time="0.047" classname="bender.api.bestBuy.Services_API_Test"/>
  <testcase name="POST_200" time="0.048" classname="bender.api.bestBuy.Services_API_Test"/>
  <testcase name="POST_400" time="0.024" classname="bender.api.bestBuy.Services_API_Test"/>
  <testcase name="DELETE_200" time="0.096" classname="bender.api.bestBuy.Stores_API_Test"/>
  <testcase name="DELETE_404" time="0.015" classname="bender.api.bestBuy.Stores_API_Test"/>
  <testcase name="GET_200" time="0.048" classname="bender.api.bestBuy.Stores_API_Test"/>
  <testcase name="GET_ID_200" time="0.058" classname="bender.api.bestBuy.Stores_API_Test"/>
  <testcase name="GET_ID_404" time="0.032" classname="bender.api.bestBuy.Stores_API_Test"/>
  <testcase name="PATCH_200" time="0.12" classname="bender.api.bestBuy.Stores_API_Test"/>
  <testcase name="PATCH_404" time="0.04" classname="bender.api.bestBuy.Stores_API_Test"/>
  <testcase name="POST_200" time="0.056" classname="bender.api.bestBuy.Stores_API_Test"/>
  <testcase name="POST_400" time="0.026" classname="bender.api.bestBuy.Stores_API_Test"/>
  <testcase name="GET_200_Healthcheck" time="0.088" classname="bender.api.bestBuy.Utilities_API_Test"/>
  <testcase name="GET_200_Version" time="0.017" classname="bender.api.bestBuy.Utilities_API_Test"/>
</testsuite> <!-- Command line test -->
