<?xml version="1.0" encoding="UTF-8"?>
<testng-results skipped="0" failed="0" ignored="0" total="39" passed="39">
  <reporter-output>
  </reporter-output>
  <suite name="Command line suite" duration-ms="5880" started-at="2019-01-12T13:57:09Z" finished-at="2019-01-12T13:57:15Z">
    <groups>
    </groups>
    <test name="Command line test" duration-ms="5880" started-at="2019-01-12T13:57:09Z" finished-at="2019-01-12T13:57:15Z">
      <class name="bender.api.bestBuy.Services_API_Test">
        <test-method status="PASS" signature="DELETE_200()[pri:0, instance:bender.api.bestBuy.Services_API_Test@8bc3d5]" name="DELETE_200" duration-ms="147" started-at="2019-01-12T13:57:14Z" finished-at="2019-01-12T13:57:14Z">
          <reporter-output>
          </reporter-output>
        </test-method> <!-- DELETE_200 -->
        <test-method status="PASS" signature="DELETE_404()[pri:0, instance:bender.api.bestBuy.Services_API_Test@8bc3d5]" name="DELETE_404" duration-ms="33" started-at="2019-01-12T13:57:14Z" finished-at="2019-01-12T13:57:14Z">
          <reporter-output>
          </reporter-output>
        </test-method> <!-- DELETE_404 -->
        <test-method status="PASS" signature="GET_200()[pri:0, instance:bender.api.bestBuy.Services_API_Test@8bc3d5]" name="GET_200" duration-ms="34" started-at="2019-01-12T13:57:14Z" finished-at="2019-01-12T13:57:14Z">
          <reporter-output>
          </reporter-output>
        </test-method> <!-- GET_200 -->
        <test-method status="PASS" signature="GET_ID_200()[pri:0, instance:bender.api.bestBuy.Services_API_Test@8bc3d5]" name="GET_ID_200" duration-ms="39" started-at="2019-01-12T13:57:14Z" finished-at="2019-01-12T13:57:14Z">
          <reporter-output>
          </reporter-output>
        </test-method> <!-- GET_ID_200 -->
        <test-method status="PASS" signature="GET_ID_404()[pri:0, instance:bender.api.bestBuy.Services_API_Test@8bc3d5]" name="GET_ID_404" duration-ms="44" started-at="2019-01-12T13:57:14Z" finished-at="2019-01-12T13:57:14Z">
          <reporter-output>
          </reporter-output>
        </test-method> <!-- GET_ID_404 -->
        <test-method status="PASS" signature="PATCH_200()[pri:0, instance:bender.api.bestBuy.Services_API_Test@8bc3d5]" name="PATCH_200" duration-ms="126" started-at="2019-01-12T13:57:14Z" finished-at="2019-01-12T13:57:14Z">
          <reporter-output>
          </reporter-output>
        </test-method> <!-- PATCH_200 -->
        <test-method status="PASS" signature="PATCH_404()[pri:0, instance:bender.api.bestBuy.Services_API_Test@8bc3d5]" name="PATCH_404" duration-ms="51" started-at="2019-01-12T13:57:14Z" finished-at="2019-01-12T13:57:14Z">
          <reporter-output>
          </reporter-output>
        </test-method> <!-- PATCH_404 -->
        <test-method status="PASS" signature="POST_200()[pri:0, instance:bender.api.bestBuy.Services_API_Test@8bc3d5]" name="POST_200" duration-ms="55" started-at="2019-01-12T13:57:14Z" finished-at="2019-01-12T13:57:14Z">
          <reporter-output>
          </reporter-output>
        </test-method> <!-- POST_200 -->
        <test-method status="PASS" signature="POST_400()[pri:0, instance:bender.api.bestBuy.Services_API_Test@8bc3d5]" name="POST_400" duration-ms="32" started-at="2019-01-12T13:57:14Z" finished-at="2019-01-12T13:57:14Z">
          <reporter-output>
          </reporter-output>
        </test-method> <!-- POST_400 -->
      </class> <!-- bender.api.bestBuy.Services_API_Test -->
      <class name="bender.api.bestBuy.Products_API_Test">
        <test-method status="PASS" signature="DELETE_200()[pri:0, instance:bender.api.bestBuy.Products_API_Test@fb434]" name="DELETE_200" duration-ms="130" started-at="2019-01-12T13:57:13Z" finished-at="2019-01-12T13:57:13Z">
          <reporter-output>
          </reporter-output>
        </test-method> <!-- DELETE_200 -->
        <test-method status="PASS" signature="DELETE_404()[pri:0, instance:bender.api.bestBuy.Products_API_Test@fb434]" name="DELETE_404" duration-ms="48" started-at="2019-01-12T13:57:13Z" finished-at="2019-01-12T13:57:13Z">
          <reporter-output>
          </reporter-output>
        </test-method> <!-- DELETE_404 -->
        <test-method status="PASS" signature="GET_200()[pri:0, instance:bender.api.bestBuy.Products_API_Test@fb434]" name="GET_200" duration-ms="384" started-at="2019-01-12T13:57:13Z" finished-at="2019-01-12T13:57:13Z">
          <reporter-output>
          </reporter-output>
        </test-method> <!-- GET_200 -->
        <test-method status="PASS" signature="GET_ID_200()[pri:0, instance:bender.api.bestBuy.Products_API_Test@fb434]" name="GET_ID_200" duration-ms="72" started-at="2019-01-12T13:57:13Z" finished-at="2019-01-12T13:57:14Z">
          <reporter-output>
          </reporter-output>
        </test-method> <!-- GET_ID_200 -->
        <test-method status="PASS" signature="GET_ID_404()[pri:0, instance:bender.api.bestBuy.Products_API_Test@fb434]" name="GET_ID_404" duration-ms="49" started-at="2019-01-12T13:57:14Z" finished-at="2019-01-12T13:57:14Z">
          <reporter-output>
          </reporter-output>
        </test-method> <!-- GET_ID_404 -->
        <test-method status="PASS" signature="PATCH_200()[pri:0, instance:bender.api.bestBuy.Products_API_Test@fb434]" name="PATCH_200" duration-ms="151" started-at="2019-01-12T13:57:14Z" finished-at="2019-01-12T13:57:14Z">
          <reporter-output>
          </reporter-output>
        </test-method> <!-- PATCH_200 -->
        <test-method status="PASS" signature="PATCH_404()[pri:0, instance:bender.api.bestBuy.Products_API_Test@fb434]" name="PATCH_404" duration-ms="67" started-at="2019-01-12T13:57:14Z" finished-at="2019-01-12T13:57:14Z">
          <reporter-output>
          </reporter-output>
        </test-method> <!-- PATCH_404 -->
        <test-method status="PASS" signature="POST_200()[pri:0, instance:bender.api.bestBuy.Products_API_Test@fb434]" name="POST_200" duration-ms="62" started-at="2019-01-12T13:57:14Z" finished-at="2019-01-12T13:57:14Z">
          <reporter-output>
          </reporter-output>
        </test-method> <!-- POST_200 -->
        <test-method status="PASS" signature="POST_400()[pri:0, instance:bender.api.bestBuy.Products_API_Test@fb434]" name="POST_400" duration-ms="34" started-at="2019-01-12T13:57:14Z" finished-at="2019-01-12T13:57:14Z">
          <reporter-output>
          </reporter-output>
        </test-method> <!-- POST_400 -->
      </class> <!-- bender.api.bestBuy.Products_API_Test -->
      <class name="bender.api.bestBuy.Stores_API_Test">
        <test-method status="PASS" signature="DELETE_200()[pri:0, instance:bender.api.bestBuy.Stores_API_Test@da1055]" name="DELETE_200" duration-ms="117" started-at="2019-01-12T13:57:14Z" finished-at="2019-01-12T13:57:15Z">
          <reporter-output>
          </reporter-output>
        </test-method> <!-- DELETE_200 -->
        <test-method status="PASS" signature="DELETE_404()[pri:0, instance:bender.api.bestBuy.Stores_API_Test@da1055]" name="DELETE_404" duration-ms="16" started-at="2019-01-12T13:57:15Z" finished-at="2019-01-12T13:57:15Z">
          <reporter-output>
          </reporter-output>
        </test-method> <!-- DELETE_404 -->
        <test-method status="PASS" signature="GET_200()[pri:0, instance:bender.api.bestBuy.Stores_API_Test@da1055]" name="GET_200" duration-ms="44" started-at="2019-01-12T13:57:15Z" finished-at="2019-01-12T13:57:15Z">
          <reporter-output>
          </reporter-output>
        </test-method> <!-- GET_200 -->
        <test-method status="PASS" signature="GET_ID_200()[pri:0, instance:bender.api.bestBuy.Stores_API_Test@da1055]" name="GET_ID_200" duration-ms="65" started-at="2019-01-12T13:57:15Z" finished-at="2019-01-12T13:57:15Z">
          <reporter-output>
          </reporter-output>
        </test-method> <!-- GET_ID_200 -->
        <test-method status="PASS" signature="GET_ID_404()[pri:0, instance:bender.api.bestBuy.Stores_API_Test@da1055]" name="GET_ID_404" duration-ms="27" started-at="2019-01-12T13:57:15Z" finished-at="2019-01-12T13:57:15Z">
          <reporter-output>
          </reporter-output>
        </test-method> <!-- GET_ID_404 -->
        <test-method status="PASS" signature="PATCH_200()[pri:0, instance:bender.api.bestBuy.Stores_API_Test@da1055]" name="PATCH_200" duration-ms="109" started-at="2019-01-12T13:57:15Z" finished-at="2019-01-12T13:57:15Z">
          <reporter-output>
          </reporter-output>
        </test-method> <!-- PATCH_200 -->
        <test-method status="PASS" signature="PATCH_404()[pri:0, instance:bender.api.bestBuy.Stores_API_Test@da1055]" name="PATCH_404" duration-ms="40" started-at="2019-01-12T13:57:15Z" finished-at="2019-01-12T13:57:15Z">
          <reporter-output>
          </reporter-output>
        </test-method> <!-- PATCH_404 -->
        <test-method status="PASS" signature="POST_200()[pri:0, instance:bender.api.bestBuy.Stores_API_Test@da1055]" name="POST_200" duration-ms="75" started-at="2019-01-12T13:57:15Z" finished-at="2019-01-12T13:57:15Z">
          <reporter-output>
          </reporter-output>
        </test-method> <!-- POST_200 -->
        <test-method status="PASS" signature="POST_400()[pri:0, instance:bender.api.bestBuy.Stores_API_Test@da1055]" name="POST_400" duration-ms="34" started-at="2019-01-12T13:57:15Z" finished-at="2019-01-12T13:57:15Z">
          <reporter-output>
          </reporter-output>
        </test-method> <!-- POST_400 -->
      </class> <!-- bender.api.bestBuy.Stores_API_Test -->
      <class name="bender.api.bestBuy.Categories_API_Test">
        <test-method status="PASS" signature="DELETE_200()[pri:0, instance:bender.api.bestBuy.Categories_API_Test@1bcffb5]" name="DELETE_200" duration-ms="2902" started-at="2019-01-12T13:57:09Z" finished-at="2019-01-12T13:57:12Z">
          <reporter-output>
          </reporter-output>
        </test-method> <!-- DELETE_200 -->
        <test-method status="PASS" signature="DELETE_404()[pri:0, instance:bender.api.bestBuy.Categories_API_Test@1bcffb5]" name="DELETE_404" duration-ms="37" started-at="2019-01-12T13:57:12Z" finished-at="2019-01-12T13:57:12Z">
          <reporter-output>
          </reporter-output>
        </test-method> <!-- DELETE_404 -->
        <test-method status="PASS" signature="GET_200()[pri:0, instance:bender.api.bestBuy.Categories_API_Test@1bcffb5]" name="GET_200" duration-ms="146" started-at="2019-01-12T13:57:12Z" finished-at="2019-01-12T13:57:12Z">
          <reporter-output>
          </reporter-output>
        </test-method> <!-- GET_200 -->
        <test-method status="PASS" signature="GET_ID_200()[pri:0, instance:bender.api.bestBuy.Categories_API_Test@1bcffb5]" name="GET_ID_200" duration-ms="105" started-at="2019-01-12T13:57:12Z" finished-at="2019-01-12T13:57:12Z">
          <reporter-output>
          </reporter-output>
        </test-method> <!-- GET_ID_200 -->
        <test-method status="PASS" signature="GET_ID_404()[pri:0, instance:bender.api.bestBuy.Categories_API_Test@1bcffb5]" name="GET_ID_404" duration-ms="84" started-at="2019-01-12T13:57:12Z" finished-at="2019-01-12T13:57:13Z">
          <reporter-output>
          </reporter-output>
        </test-method> <!-- GET_ID_404 -->
        <test-method status="PASS" signature="PATCH_200()[pri:0, instance:bender.api.bestBuy.Categories_API_Test@1bcffb5]" name="PATCH_200" duration-ms="140" started-at="2019-01-12T13:57:13Z" finished-at="2019-01-12T13:57:13Z">
          <reporter-output>
          </reporter-output>
        </test-method> <!-- PATCH_200 -->
        <test-method status="PASS" signature="PATCH_404()[pri:0, instance:bender.api.bestBuy.Categories_API_Test@1bcffb5]" name="PATCH_404" duration-ms="61" started-at="2019-01-12T13:57:13Z" finished-at="2019-01-12T13:57:13Z">
          <reporter-output>
          </reporter-output>
        </test-method> <!-- PATCH_404 -->
        <test-method status="PASS" signature="POST_201()[pri:0, instance:bender.api.bestBuy.Categories_API_Test@1bcffb5]" name="POST_201" duration-ms="57" started-at="2019-01-12T13:57:13Z" finished-at="2019-01-12T13:57:13Z">
          <reporter-output>
          </reporter-output>
        </test-method> <!-- POST_201 -->
        <test-method status="PASS" signature="POST_400()[pri:0, instance:bender.api.bestBuy.Categories_API_Test@1bcffb5]" name="POST_400" duration-ms="36" started-at="2019-01-12T13:57:13Z" finished-at="2019-01-12T13:57:13Z">
          <reporter-output>
          </reporter-output>
        </test-method> <!-- POST_400 -->
        <test-method status="PASS" signature="POST_400_id_must_be_unique()[pri:0, instance:bender.api.bestBuy.Categories_API_Test@1bcffb5]" name="POST_400_id_must_be_unique" duration-ms="95" started-at="2019-01-12T13:57:13Z" finished-at="2019-01-12T13:57:13Z">
          <reporter-output>
          </reporter-output>
        </test-method> <!-- POST_400_id_must_be_unique -->
      </class> <!-- bender.api.bestBuy.Categories_API_Test -->
      <class name="bender.api.bestBuy.Utilities_API_Test">
        <test-method status="PASS" signature="GET_200_Healthcheck()[pri:0, instance:bender.api.bestBuy.Utilities_API_Test@5d012c]" name="GET_200_Healthcheck" duration-ms="69" started-at="2019-01-12T13:57:15Z" finished-at="2019-01-12T13:57:15Z">
          <reporter-output>
          </reporter-output>
        </test-method> <!-- GET_200_Healthcheck -->
        <test-method status="PASS" signature="GET_200_Version()[pri:0, instance:bender.api.bestBuy.Utilities_API_Test@5d012c]" name="GET_200_Version" duration-ms="9" started-at="2019-01-12T13:57:15Z" finished-at="2019-01-12T13:57:15Z">
          <reporter-output>
          </reporter-output>
        </test-method> <!-- GET_200_Version -->
      </class> <!-- bender.api.bestBuy.Utilities_API_Test -->
    </test> <!-- Command line test -->
  </suite> <!-- Command line suite -->
</testng-results>
