<?xml version="1.0" encoding="UTF-8"?>
<testng-results skipped="0" failed="0" ignored="0" total="38" passed="38">
  <reporter-output>
  </reporter-output>
  <suite name="Command line suite" duration-ms="4226" started-at="2019-01-12T12:48:59Z" finished-at="2019-01-12T12:49:03Z">
    <groups>
    </groups>
    <test name="Command line test" duration-ms="4226" started-at="2019-01-12T12:48:59Z" finished-at="2019-01-12T12:49:03Z">
      <class name="bender.api.bestBuy.Services_API_Test">
        <test-method status="PASS" signature="DELETE_200()[pri:0, instance:bender.api.bestBuy.Services_API_Test@8bc3d5]" name="DELETE_200" duration-ms="95" started-at="2019-01-12T12:49:02Z" finished-at="2019-01-12T12:49:02Z">
          <reporter-output>
          </reporter-output>
        </test-method> <!-- DELETE_200 -->
        <test-method status="PASS" signature="DELETE_404()[pri:0, instance:bender.api.bestBuy.Services_API_Test@8bc3d5]" name="DELETE_404" duration-ms="22" started-at="2019-01-12T12:49:02Z" finished-at="2019-01-12T12:49:02Z">
          <reporter-output>
          </reporter-output>
        </test-method> <!-- DELETE_404 -->
        <test-method status="PASS" signature="GET_200()[pri:0, instance:bender.api.bestBuy.Services_API_Test@8bc3d5]" name="GET_200" duration-ms="17" started-at="2019-01-12T12:49:02Z" finished-at="2019-01-12T12:49:02Z">
          <reporter-output>
          </reporter-output>
        </test-method> <!-- GET_200 -->
        <test-method status="PASS" signature="GET_ID_200()[pri:0, instance:bender.api.bestBuy.Services_API_Test@8bc3d5]" name="GET_ID_200" duration-ms="35" started-at="2019-01-12T12:49:02Z" finished-at="2019-01-12T12:49:02Z">
          <reporter-output>
          </reporter-output>
        </test-method> <!-- GET_ID_200 -->
        <test-method status="PASS" signature="GET_ID_404()[pri:0, instance:bender.api.bestBuy.Services_API_Test@8bc3d5]" name="GET_ID_404" duration-ms="19" started-at="2019-01-12T12:49:02Z" finished-at="2019-01-12T12:49:02Z">
          <reporter-output>
          </reporter-output>
        </test-method> <!-- GET_ID_404 -->
        <test-method status="PASS" signature="PATCH_200()[pri:0, instance:bender.api.bestBuy.Services_API_Test@8bc3d5]" name="PATCH_200" duration-ms="101" started-at="2019-01-12T12:49:02Z" finished-at="2019-01-12T12:49:02Z">
          <reporter-output>
          </reporter-output>
        </test-method> <!-- PATCH_200 -->
        <test-method status="PASS" signature="PATCH_404()[pri:0, instance:bender.api.bestBuy.Services_API_Test@8bc3d5]" name="PATCH_404" duration-ms="47" started-at="2019-01-12T12:49:02Z" finished-at="2019-01-12T12:49:03Z">
          <reporter-output>
          </reporter-output>
        </test-method> <!-- PATCH_404 -->
        <test-method status="PASS" signature="POST_200()[pri:0, instance:bender.api.bestBuy.Services_API_Test@8bc3d5]" name="POST_200" duration-ms="48" started-at="2019-01-12T12:49:03Z" finished-at="2019-01-12T12:49:03Z">
          <reporter-output>
          </reporter-output>
        </test-method> <!-- POST_200 -->
        <test-method status="PASS" signature="POST_400()[pri:0, instance:bender.api.bestBuy.Services_API_Test@8bc3d5]" name="POST_400" duration-ms="24" started-at="2019-01-12T12:49:03Z" finished-at="2019-01-12T12:49:03Z">
          <reporter-output>
          </reporter-output>
        </test-method> <!-- POST_400 -->
      </class> <!-- bender.api.bestBuy.Services_API_Test -->
      <class name="bender.api.bestBuy.Stores_API_Test">
        <test-method status="PASS" signature="DELETE_200()[pri:0, instance:bender.api.bestBuy.Stores_API_Test@da1055]" name="DELETE_200" duration-ms="96" started-at="2019-01-12T12:49:03Z" finished-at="2019-01-12T12:49:03Z">
          <reporter-output>
          </reporter-output>
        </test-method> <!-- DELETE_200 -->
        <test-method status="PASS" signature="DELETE_404()[pri:0, instance:bender.api.bestBuy.Stores_API_Test@da1055]" name="DELETE_404" duration-ms="15" started-at="2019-01-12T12:49:03Z" finished-at="2019-01-12T12:49:03Z">
          <reporter-output>
          </reporter-output>
        </test-method> <!-- DELETE_404 -->
        <test-method status="PASS" signature="GET_200()[pri:0, instance:bender.api.bestBuy.Stores_API_Test@da1055]" name="GET_200" duration-ms="48" started-at="2019-01-12T12:49:03Z" finished-at="2019-01-12T12:49:03Z">
          <reporter-output>
          </reporter-output>
        </test-method> <!-- GET_200 -->
        <test-method status="PASS" signature="GET_ID_200()[pri:0, instance:bender.api.bestBuy.Stores_API_Test@da1055]" name="GET_ID_200" duration-ms="58" started-at="2019-01-12T12:49:03Z" finished-at="2019-01-12T12:49:03Z">
          <reporter-output>
          </reporter-output>
        </test-method> <!-- GET_ID_200 -->
        <test-method status="PASS" signature="GET_ID_404()[pri:0, instance:bender.api.bestBuy.Stores_API_Test@da1055]" name="GET_ID_404" duration-ms="32" started-at="2019-01-12T12:49:03Z" finished-at="2019-01-12T12:49:03Z">
          <reporter-output>
          </reporter-output>
        </test-method> <!-- GET_ID_404 -->
        <test-method status="PASS" signature="PATCH_200()[pri:0, instance:bender.api.bestBuy.Stores_API_Test@da1055]" name="PATCH_200" duration-ms="120" started-at="2019-01-12T12:49:03Z" finished-at="2019-01-12T12:49:03Z">
          <reporter-output>
          </reporter-output>
        </test-method> <!-- PATCH_200 -->
        <test-method status="PASS" signature="PATCH_404()[pri:0, instance:bender.api.bestBuy.Stores_API_Test@da1055]" name="PATCH_404" duration-ms="40" started-at="2019-01-12T12:49:03Z" finished-at="2019-01-12T12:49:03Z">
          <reporter-output>
          </reporter-output>
        </test-method> <!-- PATCH_404 -->
        <test-method status="PASS" signature="POST_200()[pri:0, instance:bender.api.bestBuy.Stores_API_Test@da1055]" name="POST_200" duration-ms="56" started-at="2019-01-12T12:49:03Z" finished-at="2019-01-12T12:49:03Z">
          <reporter-output>
          </reporter-output>
        </test-method> <!-- POST_200 -->
        <test-method status="PASS" signature="POST_400()[pri:0, instance:bender.api.bestBuy.Stores_API_Test@da1055]" name="POST_400" duration-ms="26" started-at="2019-01-12T12:49:03Z" finished-at="2019-01-12T12:49:03Z">
          <reporter-output>
          </reporter-output>
        </test-method> <!-- POST_400 -->
      </class> <!-- bender.api.bestBuy.Stores_API_Test -->
      <class name="bender.api.bestBuy.Products_API_Test">
        <test-method status="PASS" signature="DELETE_200()[pri:0, instance:bender.api.bestBuy.Products_API_Test@fb434]" name="DELETE_200" duration-ms="92" started-at="2019-01-12T12:49:02Z" finished-at="2019-01-12T12:49:02Z">
          <reporter-output>
          </reporter-output>
        </test-method> <!-- DELETE_200 -->
        <test-method status="PASS" signature="DELETE_404()[pri:0, instance:bender.api.bestBuy.Products_API_Test@fb434]" name="DELETE_404" duration-ms="25" started-at="2019-01-12T12:49:02Z" finished-at="2019-01-12T12:49:02Z">
          <reporter-output>
          </reporter-output>
        </test-method> <!-- DELETE_404 -->
        <test-method status="PASS" signature="GET_200()[pri:0, instance:bender.api.bestBuy.Products_API_Test@fb434]" name="GET_200" duration-ms="244" started-at="2019-01-12T12:49:02Z" finished-at="2019-01-12T12:49:02Z">
          <reporter-output>
          </reporter-output>
        </test-method> <!-- GET_200 -->
        <test-method status="PASS" signature="GET_ID_200()[pri:0, instance:bender.api.bestBuy.Products_API_Test@fb434]" name="GET_ID_200" duration-ms="87" started-at="2019-01-12T12:49:02Z" finished-at="2019-01-12T12:49:02Z">
          <reporter-output>
          </reporter-output>
        </test-method> <!-- GET_ID_200 -->
        <test-method status="PASS" signature="GET_ID_404()[pri:0, instance:bender.api.bestBuy.Products_API_Test@fb434]" name="GET_ID_404" duration-ms="21" started-at="2019-01-12T12:49:02Z" finished-at="2019-01-12T12:49:02Z">
          <reporter-output>
          </reporter-output>
        </test-method> <!-- GET_ID_404 -->
        <test-method status="PASS" signature="PATCH_200()[pri:0, instance:bender.api.bestBuy.Products_API_Test@fb434]" name="PATCH_200" duration-ms="95" started-at="2019-01-12T12:49:02Z" finished-at="2019-01-12T12:49:02Z">
          <reporter-output>
          </reporter-output>
        </test-method> <!-- PATCH_200 -->
        <test-method status="PASS" signature="PATCH_404()[pri:0, instance:bender.api.bestBuy.Products_API_Test@fb434]" name="PATCH_404" duration-ms="40" started-at="2019-01-12T12:49:02Z" finished-at="2019-01-12T12:49:02Z">
          <reporter-output>
          </reporter-output>
        </test-method> <!-- PATCH_404 -->
        <test-method status="PASS" signature="POST_200()[pri:0, instance:bender.api.bestBuy.Products_API_Test@fb434]" name="POST_200" duration-ms="42" started-at="2019-01-12T12:49:02Z" finished-at="2019-01-12T12:49:02Z">
          <reporter-output>
          </reporter-output>
        </test-method> <!-- POST_200 -->
        <test-method status="PASS" signature="POST_400()[pri:0, instance:bender.api.bestBuy.Products_API_Test@fb434]" name="POST_400" duration-ms="26" started-at="2019-01-12T12:49:02Z" finished-at="2019-01-12T12:49:02Z">
          <reporter-output>
          </reporter-output>
        </test-method> <!-- POST_400 -->
      </class> <!-- bender.api.bestBuy.Products_API_Test -->
      <class name="bender.api.bestBuy.Categories_API_Test">
        <test-method status="PASS" signature="DELETE_200()[pri:0, instance:bender.api.bestBuy.Categories_API_Test@1bcffb5]" name="DELETE_200" duration-ms="2059" started-at="2019-01-12T12:48:59Z" finished-at="2019-01-12T12:49:01Z">
          <reporter-output>
          </reporter-output>
        </test-method> <!-- DELETE_200 -->
        <test-method status="PASS" signature="DELETE_404()[pri:0, instance:bender.api.bestBuy.Categories_API_Test@1bcffb5]" name="DELETE_404" duration-ms="26" started-at="2019-01-12T12:49:01Z" finished-at="2019-01-12T12:49:01Z">
          <reporter-output>
          </reporter-output>
        </test-method> <!-- DELETE_404 -->
        <test-method status="PASS" signature="GET_200()[pri:0, instance:bender.api.bestBuy.Categories_API_Test@1bcffb5]" name="GET_200" duration-ms="85" started-at="2019-01-12T12:49:01Z" finished-at="2019-01-12T12:49:01Z">
          <reporter-output>
          </reporter-output>
        </test-method> <!-- GET_200 -->
        <test-method status="PASS" signature="GET_ID_200()[pri:0, instance:bender.api.bestBuy.Categories_API_Test@1bcffb5]" name="GET_ID_200" duration-ms="77" started-at="2019-01-12T12:49:01Z" finished-at="2019-01-12T12:49:01Z">
          <reporter-output>
          </reporter-output>
        </test-method> <!-- GET_ID_200 -->
        <test-method status="PASS" signature="GET_ID_404()[pri:0, instance:bender.api.bestBuy.Categories_API_Test@1bcffb5]" name="GET_ID_404" duration-ms="31" started-at="2019-01-12T12:49:01Z" finished-at="2019-01-12T12:49:01Z">
          <reporter-output>
          </reporter-output>
        </test-method> <!-- GET_ID_404 -->
        <test-method status="PASS" signature="PATCH_200()[pri:0, instance:bender.api.bestBuy.Categories_API_Test@1bcffb5]" name="PATCH_200" duration-ms="103" started-at="2019-01-12T12:49:01Z" finished-at="2019-01-12T12:49:01Z">
          <reporter-output>
          </reporter-output>
        </test-method> <!-- PATCH_200 -->
        <test-method status="PASS" signature="PATCH_404()[pri:0, instance:bender.api.bestBuy.Categories_API_Test@1bcffb5]" name="PATCH_404" duration-ms="46" started-at="2019-01-12T12:49:01Z" finished-at="2019-01-12T12:49:01Z">
          <reporter-output>
          </reporter-output>
        </test-method> <!-- PATCH_404 -->
        <test-method status="PASS" signature="POST_200()[pri:0, instance:bender.api.bestBuy.Categories_API_Test@1bcffb5]" name="POST_200" duration-ms="47" started-at="2019-01-12T12:49:01Z" finished-at="2019-01-12T12:49:01Z">
          <reporter-output>
          </reporter-output>
        </test-method> <!-- POST_200 -->
        <test-method status="PASS" signature="POST_400()[pri:0, instance:bender.api.bestBuy.Categories_API_Test@1bcffb5]" name="POST_400" duration-ms="30" started-at="2019-01-12T12:49:01Z" finished-at="2019-01-12T12:49:02Z">
          <reporter-output>
          </reporter-output>
        </test-method> <!-- POST_400 -->
      </class> <!-- bender.api.bestBuy.Categories_API_Test -->
      <class name="bender.api.bestBuy.Utilities_API_Test">
        <test-method status="PASS" signature="GET_200_Healthcheck()[pri:0, instance:bender.api.bestBuy.Utilities_API_Test@5d012c]" name="GET_200_Healthcheck" duration-ms="88" started-at="2019-01-12T12:49:03Z" finished-at="2019-01-12T12:49:03Z">
          <reporter-output>
          </reporter-output>
        </test-method> <!-- GET_200_Healthcheck -->
        <test-method status="PASS" signature="GET_200_Version()[pri:0, instance:bender.api.bestBuy.Utilities_API_Test@5d012c]" name="GET_200_Version" duration-ms="17" started-at="2019-01-12T12:49:03Z" finished-at="2019-01-12T12:49:03Z">
          <reporter-output>
          </reporter-output>
        </test-method> <!-- GET_200_Version -->
      </class> <!-- bender.api.bestBuy.Utilities_API_Test -->
    </test> <!-- Command line test -->
  </suite> <!-- Command line suite -->
</testng-results>
