<?xml version="1.0" encoding="UTF-8" ?>
<testsuite tests="39" failures="0" name="TestSuite" time="5.824" errors="0" skipped="0">
  <properties>
[...]
</properties>
  <testcase classname="bender.api.bestBuy.Categories_API_Test" name="DELETE_200" time="2.91"/>
  <testcase classname="bender.api.bestBuy.Categories_API_Test" name="DELETE_404" time="0.065"/>
  <testcase classname="bender.api.bestBuy.Categories_API_Test" name="GET_200" time="0.287"/>
  <testcase classname="bender.api.bestBuy.Categories_API_Test" name="GET_ID_200" time="0.016"/>
  <testcase classname="bender.api.bestBuy.Categories_API_Test" name="GET_ID_404" time="0.002"/>
  <testcase classname="bender.api.bestBuy.Categories_API_Test" name="PATCH_200" time="0.136"/>
  <testcase classname="bender.api.bestBuy.Categories_API_Test" name="PATCH_404" time="0.059"/>
  <testcase classname="bender.api.bestBuy.Categories_API_Test" name="POST_201" time="0.057"/>
  <testcase classname="bender.api.bestBuy.Categories_API_Test" name="POST_400" time="0.037"/>
  <testcase classname="bender.api.bestBuy.Categories_API_Test" name="POST_400_id_must_be_unique" time="0.095"/>
  <testcase classname="bender.api.bestBuy.Products_API_Test" name="DELETE_200" time="0.13"/>
  <testcase classname="bender.api.bestBuy.Products_API_Test" name="DELETE_404" time="0.048"/>
  <testcase classname="bender.api.bestBuy.Products_API_Test" name="GET_200" time="0.618"/>
  <testcase classname="bender.api.bestBuy.Products_API_Test" name="GET_ID_200" time="0.003"/>
  <testcase classname="bender.api.bestBuy.Products_API_Test" name="GET_ID_404" time="0.013"/>
  <testcase classname="bender.api.bestBuy.Products_API_Test" name="PATCH_200" time="0.035"/>
  <testcase classname="bender.api.bestBuy.Products_API_Test" name="PATCH_404" time="0.053"/>
  <testcase classname="bender.api.bestBuy.Products_API_Test" name="POST_200" time="0.063"/>
  <testcase classname="bender.api.bestBuy.Products_API_Test" name="POST_400" time="0.049"/>
  <testcase classname="bender.api.bestBuy.Services_API_Test" name="DELETE_200" time="0.244"/>
  <testcase classname="bender.api.bestBuy.Services_API_Test" name="DELETE_404" time="0.023"/>
  <testcase classname="bender.api.bestBuy.Services_API_Test" name="GET_200" time="0.037"/>
  <testcase classname="bender.api.bestBuy.Services_API_Test" name="GET_ID_200" time="0.012"/>
  <testcase classname="bender.api.bestBuy.Services_API_Test" name="GET_ID_404" time="0.002"/>
  <testcase classname="bender.api.bestBuy.Services_API_Test" name="PATCH_200" time="0.084"/>
  <testcase classname="bender.api.bestBuy.Services_API_Test" name="PATCH_404" time="0.047"/>
  <testcase classname="bender.api.bestBuy.Services_API_Test" name="POST_200" time="0.055"/>
  <testcase classname="bender.api.bestBuy.Services_API_Test" name="POST_400" time="0.033"/>
  <testcase classname="bender.api.bestBuy.Stores_API_Test" name="DELETE_200" time="0.116"/>
  <testcase classname="bender.api.bestBuy.Stores_API_Test" name="DELETE_404" time="0.017"/>
  <testcase classname="bender.api.bestBuy.Stores_API_Test" name="GET_200" time="0.258"/>
  <testcase classname="bender.api.bestBuy.Stores_API_Test" name="GET_ID_200" time="0.028"/>
  <testcase classname="bender.api.bestBuy.Stores_API_Test" name="GET_ID_404" time="0.002"/>
  <testcase classname="bender.api.bestBuy.Stores_API_Test" name="PATCH_200" time="0.011"/>
  <testcase classname="bender.api.bestBuy.Stores_API_Test" name="PATCH_404" time="0.001"/>
  <testcase classname="bender.api.bestBuy.Stores_API_Test" name="POST_200" time="0.06"/>
  <testcase classname="bender.api.bestBuy.Stores_API_Test" name="POST_400" time="0.034"/>
  <testcase classname="bender.api.bestBuy.Utilities_API_Test" name="GET_200_Healthcheck" time="0.072"/>
  <testcase classname="bender.api.bestBuy.Utilities_API_Test" name="GET_200_Version" time="0.012"/>
</testsuite>